# JRE version: OpenJDK Runtime Environment Temurin-21.0.3+9 (21.0.3+9) (build 21.0.3+9-LTS)
# Java VM: OpenJDK 64-Bit Server VM Temurin-21.0.3+9 (21.0.3+9-LTS, mixed mode, tiered, compressed oops, compressed class ptrs, g1 gc, windows-amd64)
GC Precious Log:
 CardTable entry size: 512
 Card Set container configuration: InlinePtr #cards 4 size 8 Array Of Cards #cards 16 size 48 Howl #buckets 8 coarsen threshold 3686 Howl Bitmap #cards 512 size 80 coarsen threshold 460 Card regions per heap region 1 cards per card region 4096
 CPUs: 12 total, 12 available
 Memory: 16068M
 Large Page Support: Disabled
 NUMA Support: Disabled
 Compressed Oops: Enabled (Zero based)
 Heap Region Size: 2M
 Heap Min Capacity: 8M
 Heap Initial Capacity: 252M
 Heap Max Capacity: 4018M
 Pre-touch: Disabled
 Parallel Workers: 10
 Concurrent Workers: 3
 Concurrent Refinement Workers: 10
 Periodic GC: Disabled
Heap:
 garbage-first heap   total 98304K, used 48029K [0x0000000704e00000, 0x0000000800000000)
  region size 2048K, 11 young (22528K), 3 survivors (6144K)
 Metaspace       used 86846K, committed 87616K, reserved 1179648K
  class space    used 10796K, committed 11136K, reserved 1048576K
GC Heap History (20 events):
Event: 12.774 GC heap before
{Heap before GC invocations=12 (full 0):
 garbage-first heap   total 81920K, used 62837K [0x0000000704e00000, 0x0000000800000000)
  region size 2048K, 24 young (49152K), 3 survivors (6144K)
 Metaspace       used 49693K, committed 50240K, reserved 1114112K
  class space    used 5633K, committed 5888K, reserved 1048576K
}
Event: 12.778 GC heap after
{Heap after GC invocations=13 (full 0):
 garbage-first heap   total 81920K, used 20941K [0x0000000704e00000, 0x0000000800000000)
  region size 2048K, 1 young (2048K), 1 survivors (2048K)
 Metaspace       used 49693K, committed 50240K, reserved 1114112K
  class space    used 5633K, committed 5888K, reserved 1048576K
}
Event: 13.137 GC heap before
{Heap before GC invocations=13 (full 0):
 garbage-first heap   total 81920K, used 68045K [0x0000000704e00000, 0x0000000800000000)
  region size 2048K, 24 young (49152K), 1 survivors (2048K)
 Metaspace       used 54004K, committed 54528K, reserved 1114112K
  class space    used 6340K, committed 6592K, reserved 1048576K
}
Event: 13.139 GC heap after
{Heap after GC invocations=14 (full 0):
 garbage-first heap   total 81920K, used 21772K [0x0000000704e00000, 0x0000000800000000)
  region size 2048K, 2 young (4096K), 2 survivors (4096K)
 Metaspace       used 54004K, committed 54528K, reserved 1114112K
  class space    used 6340K, committed 6592K, reserved 1048576K
}
Event: 13.442 GC heap before
{Heap before GC invocations=14 (full 0):
 garbage-first heap   total 81920K, used 66828K [0x0000000704e00000, 0x0000000800000000)
  region size 2048K, 24 young (49152K), 2 survivors (4096K)
 Metaspace       used 58434K, committed 58944K, reserved 1114112K
  class space    used 6948K, committed 7168K, reserved 1048576K
}
Event: 13.445 GC heap after
{Heap after GC invocations=15 (full 0):
 garbage-first heap   total 81920K, used 22756K [0x0000000704e00000, 0x0000000800000000)
  region size 2048K, 2 young (4096K), 2 survivors (4096K)
 Metaspace       used 58434K, committed 58944K, reserved 1114112K
  class space    used 6948K, committed 7168K, reserved 1048576K
}
Event: 13.532 GC heap before
{Heap before GC invocations=15 (full 0):
 garbage-first heap   total 81920K, used 37092K [0x0000000704e00000, 0x0000000800000000)
  region size 2048K, 10 young (20480K), 2 survivors (4096K)
 Metaspace       used 59926K, committed 60416K, reserved 1114112K
  class space    used 7105K, committed 7360K, reserved 1048576K
}
Event: 13.534 GC heap after
{Heap after GC invocations=16 (full 0):
 garbage-first heap   total 81920K, used 22988K [0x0000000704e00000, 0x0000000800000000)
  region size 2048K, 2 young (4096K), 2 survivors (4096K)
 Metaspace       used 59926K, committed 60416K, reserved 1114112K
  class space    used 7105K, committed 7360K, reserved 1048576K
}
Event: 13.785 GC heap before
{Heap before GC invocations=17 (full 0):
 garbage-first heap   total 81920K, used 65996K [0x0000000704e00000, 0x0000000800000000)
  region size 2048K, 24 young (49152K), 2 survivors (4096K)
 Metaspace       used 65223K, committed 65728K, reserved 1114112K
  class space    used 7955K, committed 8192K, reserved 1048576K
}
Event: 13.787 GC heap after
{Heap after GC invocations=18 (full 0):
 garbage-first heap   total 81920K, used 23677K [0x0000000704e00000, 0x0000000800000000)
  region size 2048K, 2 young (4096K), 2 survivors (4096K)
 Metaspace       used 65223K, committed 65728K, reserved 1114112K
  class space    used 7955K, committed 8192K, reserved 1048576K
}
Event: 14.080 GC heap before
{Heap before GC invocations=18 (full 0):
 garbage-first heap   total 81920K, used 68733K [0x0000000704e00000, 0x0000000800000000)
  region size 2048K, 24 young (49152K), 2 survivors (4096K)
 Metaspace       used 69448K, committed 70016K, reserved 1114112K
  class space    used 8599K, committed 8832K, reserved 1048576K
}
Event: 14.086 GC heap after
{Heap after GC invocations=19 (full 0):
 garbage-first heap   total 81920K, used 24113K [0x0000000704e00000, 0x0000000800000000)
  region size 2048K, 2 young (4096K), 2 survivors (4096K)
 Metaspace       used 69448K, committed 70016K, reserved 1114112K
  class space    used 8599K, committed 8832K, reserved 1048576K
}
Event: 14.512 GC heap before
{Heap before GC invocations=19 (full 0):
 garbage-first heap   total 81920K, used 69169K [0x0000000704e00000, 0x0000000800000000)
  region size 2048K, 24 young (49152K), 2 survivors (4096K)
 Metaspace       used 73644K, committed 74304K, reserved 1179648K
  class space    used 9161K, committed 9472K, reserved 1048576K
}
Event: 14.517 GC heap after
{Heap after GC invocations=20 (full 0):
 garbage-first heap   total 81920K, used 26510K [0x0000000704e00000, 0x0000000800000000)
  region size 2048K, 3 young (6144K), 3 survivors (6144K)
 Metaspace       used 73644K, committed 74304K, reserved 1179648K
  class space    used 9161K, committed 9472K, reserved 1048576K
}
Event: 14.961 GC heap before
{Heap before GC invocations=20 (full 0):
 garbage-first heap   total 81920K, used 69518K [0x0000000704e00000, 0x0000000800000000)
  region size 2048K, 24 young (49152K), 3 survivors (6144K)
 Metaspace       used 77447K, committed 78080K, reserved 1179648K
  class space    used 9624K, committed 9920K, reserved 1048576K
}
Event: 14.966 GC heap after
{Heap after GC invocations=21 (full 0):
 garbage-first heap   total 98304K, used 28442K [0x0000000704e00000, 0x0000000800000000)
  region size 2048K, 3 young (6144K), 3 survivors (6144K)
 Metaspace       used 77447K, committed 78080K, reserved 1179648K
  class space    used 9624K, committed 9920K, reserved 1048576K
}
Event: 40.774 GC heap before
{Heap before GC invocations=21 (full 0):
 garbage-first heap   total 98304K, used 79642K [0x0000000704e00000, 0x0000000800000000)
  region size 2048K, 28 young (57344K), 3 survivors (6144K)
 Metaspace       used 81635K, committed 82304K, reserved 1179648K
  class space    used 10224K, committed 10496K, reserved 1048576K
}
Event: 40.780 GC heap after
{Heap after GC invocations=22 (full 0):
 garbage-first heap   total 98304K, used 31328K [0x0000000704e00000, 0x0000000800000000)
  region size 2048K, 4 young (8192K), 4 survivors (8192K)
 Metaspace       used 81635K, committed 82304K, reserved 1179648K
  class space    used 10224K, committed 10496K, reserved 1048576K
}
Event: 87.904 GC heap before
{Heap before GC invocations=22 (full 0):
 garbage-first heap   total 98304K, used 78432K [0x0000000704e00000, 0x0000000800000000)
  region size 2048K, 28 young (57344K), 4 survivors (8192K)
 Metaspace       used 86140K, committed 86848K, reserved 1179648K
  class space    used 10750K, committed 11072K, reserved 1048576K
}
Event: 87.915 GC heap after
{Heap after GC invocations=23 (full 0):
 garbage-first heap   total 98304K, used 33693K [0x0000000704e00000, 0x0000000800000000)
  region size 2048K, 3 young (6144K), 3 survivors (6144K)
 Metaspace       used 86140K, committed 86848K, reserved 1179648K
  class space    used 10750K, committed 11072K, reserved 1048576K
}

